[19:37:19] [main/INFO]: Using mbed TLS based native cipher.
[19:37:19] [main/INFO]: Using zlib based native compressor.
[19:37:19] [main/INFO]: Enabled Waterfall version git:Waterfall-Bootstrap:1.19-R0.1-SNAPSHOT:f6069e2:513
[19:37:19] [main/INFO]: Not on Windows, attempting to use enhanced EpollEventLoop
[19:37:19] [main/INFO]: Epoll is working, utilising it!
[19:37:19] [main/INFO]: Discovered module: ModuleSpec(name=cmd_alert, file=modules/cmd_alert.jar, provider=JenkinsModuleSource())
[19:37:19] [main/INFO]: Discovered module: ModuleSpec(name=cmd_find, file=modules/cmd_find.jar, provider=JenkinsModuleSource())
[19:37:19] [main/INFO]: Discovered module: ModuleSpec(name=cmd_list, file=modules/cmd_list.jar, provider=JenkinsModuleSource())
[19:37:19] [main/INFO]: Discovered module: ModuleSpec(name=cmd_send, file=modules/cmd_send.jar, provider=JenkinsModuleSource())
[19:37:19] [main/INFO]: Discovered module: ModuleSpec(name=cmd_server, file=modules/cmd_server.jar, provider=JenkinsModuleSource())
[19:37:19] [main/INFO]: Discovered module: ModuleSpec(name=reconnect_yaml, file=modules/reconnect_yaml.jar, provider=JenkinsModuleSource())
[19:37:19] [main/INFO]: Attempting to update plugin from null to ModuleVersion(build=513, git=f6069e2)
[19:37:19] [main/INFO]: Attempting to Jenkins download module cmd_alert v513
[19:37:20] [main/INFO]: Download complete
[19:37:20] [main/INFO]: Attempting to update plugin from null to ModuleVersion(build=513, git=f6069e2)
[19:37:20] [main/INFO]: Attempting to Jenkins download module cmd_find v513
[19:37:20] [main/INFO]: Download complete
[19:37:20] [main/INFO]: Attempting to update plugin from null to ModuleVersion(build=513, git=f6069e2)
[19:37:20] [main/INFO]: Attempting to Jenkins download module cmd_list v513
[19:37:20] [main/INFO]: Download complete
[19:37:20] [main/INFO]: Attempting to update plugin from null to ModuleVersion(build=513, git=f6069e2)
[19:37:20] [main/INFO]: Attempting to Jenkins download module cmd_send v513
[19:37:20] [main/INFO]: Download complete
[19:37:20] [main/INFO]: Attempting to update plugin from null to ModuleVersion(build=513, git=f6069e2)
[19:37:20] [main/INFO]: Attempting to Jenkins download module cmd_server v513
[19:37:20] [main/INFO]: Download complete
[19:37:20] [main/INFO]: Attempting to update plugin from null to ModuleVersion(build=513, git=f6069e2)
[19:37:20] [main/INFO]: Attempting to Jenkins download module reconnect_yaml v513
[19:37:20] [main/INFO]: Download complete
[19:37:20] [main/INFO]: Loaded plugin reconnect_yaml version git:reconnect_yaml:1.19-R0.1-SNAPSHOT:f6069e2:513 by WaterfallMC
[19:37:20] [main/INFO]: Loaded plugin cmd_find version git:cmd_find:1.19-R0.1-SNAPSHOT:f6069e2:513 by WaterfallMC
[19:37:20] [main/INFO]: Loaded plugin cmd_server version git:cmd_server:1.19-R0.1-SNAPSHOT:f6069e2:513 by WaterfallMC
[19:37:20] [main/INFO]: Loaded plugin cmd_alert version git:cmd_alert:1.19-R0.1-SNAPSHOT:f6069e2:513 by WaterfallMC
[19:37:20] [main/INFO]: Loaded plugin cmd_send version git:cmd_send:1.19-R0.1-SNAPSHOT:f6069e2:513 by WaterfallMC
[19:37:20] [main/INFO]: Loaded plugin cmd_list version git:cmd_list:1.19-R0.1-SNAPSHOT:f6069e2:513 by WaterfallMC
[19:37:20] [main/WARN]: :>:>:>:>:>:>:>:>:>:>:>:>:>:>:>:>:>:>:>:>:>:>:>
[19:37:20] [main/WARN]: :>  
[19:37:20] [main/WARN]: :>      EAGLERCRAFTXBUNGEE WARNING:
[19:37:20] [main/WARN]: :>  
[19:37:20] [main/WARN]: :>  This plugin wasn't tested to be 'working'
[19:37:20] [main/WARN]: :>  with ANY version of BungeeCord (and forks)
[19:37:20] [main/WARN]: :>  apart from the versions listed below:
[19:37:20] [main/WARN]: :>  
[19:37:20] [main/WARN]: :>  - BungeeCord: 1.20-R0.3-SNAPSHOT:eda268b:1797
[19:37:20] [main/WARN]: :>  - Waterfall: 1.20-R0.2-SNAPSHOT:92b5149:562
[19:37:20] [main/WARN]: :>  - FlameCord: 1.1.1
[19:37:20] [main/WARN]: :>  
[19:37:20] [main/WARN]: :>  This is not a Bukkit/Spigot plugin!
[19:37:20] [main/WARN]: :>  
[19:37:20] [main/WARN]: :>  Use "-Deaglerxbungee.stfu=true" to hide
[19:37:20] [main/WARN]: :>  
[19:37:20] [main/WARN]: :>:>:>:>:>:>:>:>:>:>:>:>:>:>:>:>:>:>:>:>:>:>:>
[19:37:20] [main/INFO] [EaglercraftXBungee]: Loading vanilla profile: lax1dude
[19:37:21] [Skin Download Thread #1/INFO] [EaglercraftXBungee]: Loaded vanilla profile: lax1dude
[19:37:21] [main/INFO]: Loaded plugin EaglercraftXBungee version 1.0.10 by lax1dude
[19:37:21] [main/WARN]: Forced host server pvp is not defined
[19:37:21] [main/INFO]: Enabled plugin reconnect_yaml version git:reconnect_yaml:1.19-R0.1-SNAPSHOT:f6069e2:513 by WaterfallMC
[19:37:21] [main/INFO]: Enabled plugin cmd_find version git:cmd_find:1.19-R0.1-SNAPSHOT:f6069e2:513 by WaterfallMC
[19:37:21] [main/INFO]: Enabled plugin cmd_server version git:cmd_server:1.19-R0.1-SNAPSHOT:f6069e2:513 by WaterfallMC
[19:37:21] [main/INFO]: Enabled plugin cmd_alert version git:cmd_alert:1.19-R0.1-SNAPSHOT:f6069e2:513 by WaterfallMC
[19:37:21] [main/INFO]: Enabled plugin cmd_send version git:cmd_send:1.19-R0.1-SNAPSHOT:f6069e2:513 by WaterfallMC
[19:37:21] [main/INFO]: Enabled plugin cmd_list version git:cmd_list:1.19-R0.1-SNAPSHOT:f6069e2:513 by WaterfallMC
[19:37:21] [main/ERROR] [EaglercraftXBungee]: Online mode is set to false! Authentication system has been disabled
[19:37:21] [Netty Worker IO Thread #0/INFO] [EaglercraftXBungee]: Eaglercraft is listening on: /0.0.0.0:8081
[19:37:21] [main/INFO] [EaglercraftXBungee]: Downloading from maven: https://repo1.maven.org/maven2/org/xerial/sqlite-jdbc/3.45.0.0/sqlite-jdbc-3.45.0.0.jar
[19:37:21] [EaglerXBungee: Network Tick Tasks/INFO] [EaglercraftXBungee]: Downloading new certificate: https://eaglercraft.com/backup.cert
[19:37:22] [EaglerXBungee: Network Tick Tasks/INFO] [EaglercraftXBungee]: Loaded certificate: /workspaces/EaglerSchoolServer/bungee/plugins/EaglercraftXBungee/eagcert/$dl.d0d0f229ae7bd645a0eb36ba9c42d141e2344d8c.cert
[19:37:22] [main/INFO] [EaglercraftXBungee]: Connected to database: jdbc:sqlite:eaglercraft_skins_cache.db
[19:37:22] [main/INFO]: Enabled plugin EaglercraftXBungee version 1.0.10 by lax1dude
[19:37:22] [Netty Boss IO Thread #0/INFO]: Listening on /127.0.0.1:25577
[19:43:26] [Netty Worker IO Thread #3/WARN] [EaglercraftXBungee]: Server icon is not a file: /workspaces/EaglerSchoolServer/bungee/server-icon.png
[19:49:29] [main/INFO]: Command not found
[19:49:33] [main/INFO]: Command not found
[19:49:59] [main/ERROR]: Exception in thread "main" java.io.IOError: java.io.IOException: Input/output error
[19:49:59] [main/ERROR]: 	at org.jline.keymap.BindingReader.readCharacter(BindingReader.java:170)
[19:49:59] [main/ERROR]: 	at org.jline.keymap.BindingReader.readBinding(BindingReader.java:110)
[19:49:59] [main/ERROR]: 	at org.jline.keymap.BindingReader.readBinding(BindingReader.java:61)
[19:49:59] [main/ERROR]: 	at org.jline.reader.impl.LineReaderImpl.doReadBinding(LineReaderImpl.java:923)
[19:49:59] [main/ERROR]: 	at org.jline.reader.impl.LineReaderImpl.readBinding(LineReaderImpl.java:956)
[19:49:59] [main/ERROR]: 	at org.jline.reader.impl.LineReaderImpl.readLine(LineReaderImpl.java:651)
[19:49:59] [main/ERROR]: 	at org.jline.reader.impl.LineReaderImpl.readLine(LineReaderImpl.java:468)
[19:49:59] [main/ERROR]: 	at net.minecrell.terminalconsole.SimpleTerminalConsole.readCommands(SimpleTerminalConsole.java:158)
[19:49:59] [main/ERROR]: 	at net.minecrell.terminalconsole.SimpleTerminalConsole.start(SimpleTerminalConsole.java:141)
[19:49:59] [main/ERROR]: 	at net.md_5.bungee.BungeeCordLauncher.main(BungeeCordLauncher.java:72)
[19:49:59] [main/ERROR]: 	at net.md_5.bungee.Bootstrap.main(Bootstrap.java:15)
[19:49:59] [main/ERROR]: Caused by: java.io.IOException: Input/output error
[19:49:59] [main/ERROR]: 	at java.base/java.io.FileInputStream.read0(Native Method)
[19:49:59] [main/ERROR]: 	at java.base/java.io.FileInputStream.read(FileInputStream.java:231)
[19:49:59] [main/ERROR]: 	at org.jline.terminal.impl.AbstractPty$PtyInputStream.read(AbstractPty.java:73)
[19:49:59] [main/ERROR]: 	at org.jline.utils.NonBlockingInputStream.read(NonBlockingInputStream.java:62)
[19:49:59] [main/ERROR]: 	at org.jline.utils.NonBlocking$NonBlockingInputStreamReader.read(NonBlocking.java:168)
[19:49:59] [main/ERROR]: 	at org.jline.utils.NonBlockingReader.read(NonBlockingReader.java:57)
[19:49:59] [main/ERROR]: 	at org.jline.keymap.BindingReader.readCharacter(BindingReader.java:160)
[19:49:59] [main/ERROR]: 	... 10 more
